2019-06-24 22:53:07.897 INFO  Email sent: kowdy44@gmail.com, messageId:<e2ff24c8-2daa-a679-0b12-71683405cdc6@gmail.com>, info.response:250 2.0.0 OK  1561396987 f72sm101876pjg.10 - gsmtp  
2021-05-21 17:16:31.746 INFO  Error: getaddrinfo ENOTFOUND smtp.gmail.com : Email sending failed to chinmayans44@gmail.com 
2021-05-21 17:20:51.070 INFO  Email sent: kowdy44@gmail.com, messageId:<14bb8899-4cac-3b1b-3275-fe809491354b@gmail.com>, info.response:250 2.0.0 OK  1621617650 w2sm4808449pjq.5 - gsmtp  
2021-05-21 17:25:15.439 INFO  Email sent: sumanthnts.96@gmail.com, messageId:<acf72c9c-fe9f-a978-af6b-c2d01bf735ea@gmail.com>, info.response:250 2.0.0 OK  1621617915 10sm5277568pgl.39 - gsmtp  
2021-05-21 17:47:53.117 INFO  Email sent: chinmayans44@protonmail.com, messageId:<88fc00db-baba-2c5a-7ca0-b1296283d4db@gmail.com>, info.response:250 2.0.0 OK  1621619272 c15sm523448pgt.68 - gsmtp  
2021-05-22 14:15:11.832 INFO  Email sent(passcode): chinmayans44@gmail.com, messageId:<dae5c901-4d50-6ad0-f6e6-c0ee31ab9ca7@gmail.com>, info.response:250 2.0.0 OK  1621692912 e23sm6958837pfl.84 - gsmtp  
2021-05-25 18:10:01.090 INFO  Email sent(passcode): chinmayans44@gmail.com, messageId:<0eeffbf2-b47d-ae36-a408-2528c1651fec@gmail.com>, info.response:250 2.0.0 OK  1621946400 s140sm4123040pfs.73 - gsmtp  
2021-05-25 18:13:41.521 INFO  Email sent(passcode): chinmayans44@gmail.com, messageId:<d089220d-88d6-02db-c3c5-777428669832@gmail.com>, info.response:250 2.0.0 OK  1621946620 n21sm14139177pfu.99 - gsmtp  
2021-05-25 18:19:29.050 INFO  Email sent(passcode): chinmayans44@gmail.com, messageId:<4c1e4d61-dc6e-eaac-0dca-4aded512b421@gmail.com>, info.response:250 2.0.0 OK  1621946968 u1sm14274766pfc.63 - gsmtp  
2021-05-25 18:20:07.231 INFO  Email sent(passcode): chinmayans44@gmail.com, messageId:<37006f6c-ea14-db70-107a-758b97e7b8c2@gmail.com>, info.response:250 2.0.0 OK  1621947006 a16sm13303041pfc.37 - gsmtp  
2021-05-25 18:20:20.358 INFO  Email sent(passcode): kowdy44@gmail.com, messageId:<b7383b9b-9fdb-8841-00da-c1647b26a1f6@gmail.com>, info.response:250 2.0.0 OK  1621947019 c7sm14233786pga.4 - gsmtp  
2021-05-25 18:21:26.610 INFO  Email sent(passcode): kowdy44@gmail.com, messageId:<84258d1e-f891-f081-3cd6-2350049f1bd8@gmail.com>, info.response:250 2.0.0 OK  1621947085 v18sm14063575pff.90 - gsmtp  
2021-05-25 18:24:31.539 INFO  Email sent(passcode): kowdy44@gmail.com, messageId:<b477c1e3-08b6-25e7-7b26-69fbdc270a65@gmail.com>, info.response:250 2.0.0 OK  1621947270 w123sm13422262pfb.109 - gsmtp  
2021-05-25 20:22:15.315 INFO  Email sent(passcode): kowdy44@gmail.com, messageId:<04c3ed70-445c-fdf6-29dd-0e1cece61157@gmail.com>, info.response:250 2.0.0 OK  1621954207 n1sm1241592pjv.40 - gsmtp  
2021-05-25 20:29:24.952 INFO  Email sent(passcode): kowdy44@gmail.com, messageId:<ecd12d35-831f-9fd0-34c8-516e6ff47bb4@gmail.com>, info.response:250 2.0.0 OK  1621954761 y20sm13142327pfn.164 - gsmtp  
2021-05-25 20:33:13.736 INFO  Email sent(passcode): kowdy44@gmail.com, messageId:<642de8be-cfc1-b355-af5b-d346f825b44d@gmail.com>, info.response:250 2.0.0 OK  1621954941 204sm13529718pfy.56 - gsmtp  
2021-05-25 20:36:02.768 INFO  Email sent(passcode): kowdy44@gmail.com, messageId:<86fa5313-f6fc-4717-afb0-501dbdf81ea4@gmail.com>, info.response:250 2.0.0 OK  1621955145 j16sm15113396pgh.69 - gsmtp  
2021-05-25 20:36:48.119 INFO  Email sent(passcode): kowdy44@gmail.com, messageId:<42dcaf50-94a1-7bd1-24fc-f0f0e30e52b6@gmail.com>, info.response:250 2.0.0 OK  1621955204 z1sm9512237pff.194 - gsmtp  
2021-05-25 20:38:00.931 INFO  Email sent(passcode): kowdy44@gmail.com, messageId:<1f814d1d-83e1-86e6-9977-89df0e426a54@gmail.com>, info.response:250 2.0.0 OK  1621955276 z125sm13813978pfz.218 - gsmtp  
2021-05-25 21:17:55.483 INFO  Email sent(passcode): kowdy44@gmail.com, messageId:<a5497ce5-0e58-9539-a03f-5df41d2042ec@gmail.com>, info.response:250 2.0.0 OK  1621957641 s1sm11811831pfc.6 - gsmtp  
2021-05-25 21:34:09.008 INFO  Email sent(passcode): kowdy44@gmail.com, messageId:<4484253c-9f68-44b0-e4eb-bbe0ea5d9132@gmail.com>, info.response:250 2.0.0 OK  1621958634 l64sm15190246pgd.20 - gsmtp  
2021-05-25 21:35:51.126 INFO  Email sent(passcode): kowdy44@gmail.com, messageId:<34cde25b-f33e-e394-07fb-9c9454bf040e@gmail.com>, info.response:250 2.0.0 OK  1621958727 194sm14210189pfy.146 - gsmtp  
2021-05-25 21:39:08.831 INFO  Email sent(passcode): kowdy44@gmail.com, messageId:<11ea1ed6-71fb-db75-5d75-9d987610ce13@gmail.com>, info.response:250 2.0.0 OK  1621958943 u12sm13453665pfh.122 - gsmtp  
2021-05-25 21:41:08.023 INFO  Email sent(passcode): kowdy44@gmail.com, messageId:<a9469d32-328e-e0f2-d007-e06f66da7955@gmail.com>, info.response:250 2.0.0 OK  1621959058 l6sm1261059pjf.28 - gsmtp  
2021-05-25 21:41:46.594 INFO  Email sent(passcode): kowdy44@gmail.com, messageId:<99acde6b-2706-1cbe-be99-c3bf268c198e@gmail.com>, info.response:250 2.0.0 OK  1621959105 iq16sm12900313pjb.31 - gsmtp  
2021-05-25 21:43:13.740 INFO  Email sent(passcode): kowdy44@gmail.com, messageId:<f5e9820b-ca34-055d-9b42-c5008c30c6d6@gmail.com>, info.response:250 2.0.0 OK  1621959192 n28sm7573890pfq.139 - gsmtp  
2021-05-25 21:43:34.118 INFO  Email sent(passcode): chinmayans44@gmail.com, messageId:<eec8ee3c-0e1e-4bf5-d9db-4fc1926dc198@gmail.com>, info.response:250 2.0.0 OK  1621959213 e7sm15047761pfl.171 - gsmtp  
2021-05-25 21:43:53.967 INFO  Email sent(passcode): chinmayans44@gmail.com, messageId:<b1043520-2fc7-a700-d9fe-4b5084f8e365@gmail.com>, info.response:250 2.0.0 OK  1621959233 g4sm14754588pgu.46 - gsmtp  
2021-05-25 21:44:04.005 INFO  Email sent(passcode): kowdy44@gmail.com, messageId:<ba745522-3a64-2e6c-6b66-ebbbc536c26c@gmail.com>, info.response:250 2.0.0 OK  1621959242 5sm13397996pfe.32 - gsmtp  
2021-05-25 21:46:48.577 INFO  Error: connect EHOSTUNREACH 74.125.130.109:465 : Email sending(passcode) failed to kowdy44@gmail.com 
2021-05-25 21:57:36.381 INFO  Error: getaddrinfo ENOTFOUND smtp.gmail.com : Email sending(passcode) failed to kowdy44@gmail.com 
2021-05-25 22:00:44.673 INFO  Email sent(passcode): kowdy44@gmail.com, messageId:<de493dff-43ec-a20d-0dc6-e9a48a8039fc@gmail.com>, info.response:250 2.0.0 OK  1621960243 66sm15177490pgj.9 - gsmtp  
2021-05-25 22:04:54.628 INFO  Email sent(passcode): kowdy44@gmail.com, messageId:<8ec0bc57-9a1d-26b4-0647-32fe24a73937@gmail.com>, info.response:250 2.0.0 OK  1621960493 s14sm15143854pfs.108 - gsmtp  
2021-05-25 22:04:59.744 INFO  Email sent(passcode): kowdy44@gmail.com, messageId:<17af3ba9-f8e4-418c-654f-a7006e88f89e@gmail.com>, info.response:250 2.0.0 OK  1621960498 q12sm11705916pfg.48 - gsmtp  
2021-05-25 22:06:18.389 INFO  Email sent(passcode): kowdy44@gmail.com, messageId:<e0e78044-054a-f221-fcd3-74902180de35@gmail.com>, info.response:250 2.0.0 OK  1621960577 5sm13429194pfe.32 - gsmtp  
2021-05-25 22:07:16.953 INFO  Error: connect EHOSTUNREACH 74.125.24.108:465 : Email sending(passcode) failed to kowdy44@gmail.com 
